<?xml version='1.0' encoding='UTF-8' ?>
<testsuite name="org.rmj.g3appdriver.Knox.TestKnoxActivate" tests="1" failures="1" errors="0" skipped="0" time="0.34" timestamp="2023-06-24T02:46:08" hostname="localhost">
  <properties>
    <property name="device" value="Pixel_API_TiramisuPrivacySandbox(AVD) - 13" />
    <property name="flavor" value="" />
    <property name="project" value=":appDriver" />
  </properties>
  <testcase name="test01ActivateDevice" classname="org.rmj.g3appdriver.Knox.TestKnoxActivate" time="0.127">
    <failure>java.lang.AssertionError
at org.junit.Assert.fail(Assert.java:87)
at org.junit.Assert.assertTrue(Assert.java:42)
at org.junit.Assert.assertNotNull(Assert.java:713)
at org.junit.Assert.assertNotNull(Assert.java:723)
at org.rmj.g3appdriver.Knox.TestKnoxActivate.test01ActivateDevice(TestKnoxActivate.java:40)</failure>
  </testcase>
</testsuite>