INSTRUMENTATION_STATUS: class=org.rmj.g3appdriver.Knox.TestKnoxActivate
INSTRUMENTATION_STATUS: current=1
INSTRUMENTATION_STATUS: id=AndroidJUnitRunner
INSTRUMENTATION_STATUS: numtests=1
INSTRUMENTATION_STATUS: stream=
org.rmj.g3appdriver.Knox.TestKnoxActivate:
INSTRUMENTATION_STATUS: test=test01ActivateDevice
INSTRUMENTATION_STATUS_CODE: 1
INSTRUMENTATION_STATUS: class=org.rmj.g3appdriver.Knox.TestKnoxActivate
INSTRUMENTATION_STATUS: current=1
INSTRUMENTATION_STATUS: id=AndroidJUnitRunner
INSTRUMENTATION_STATUS: numtests=1
INSTRUMENTATION_STATUS: stack=java.lang.AssertionError
at org.junit.Assert.fail(Assert.java:87)
at org.junit.Assert.assertTrue(Assert.java:42)
at org.junit.Assert.assertNotNull(Assert.java:713)
at org.junit.Assert.assertNotNull(Assert.java:723)
at org.rmj.g3appdriver.Knox.TestKnoxActivate.test01ActivateDevice(TestKnoxActivate.java:40)

INSTRUMENTATION_STATUS: stream=
Error in test01ActivateDevice(org.rmj.g3appdriver.Knox.TestKnoxActivate):
java.lang.AssertionError
at org.junit.Assert.fail(Assert.java:87)
at org.junit.Assert.assertTrue(Assert.java:42)
at org.junit.Assert.assertNotNull(Assert.java:713)
at org.junit.Assert.assertNotNull(Assert.java:723)
at org.rmj.g3appdriver.Knox.TestKnoxActivate.test01ActivateDevice(TestKnoxActivate.java:40)

INSTRUMENTATION_STATUS: test=test01ActivateDevice
INSTRUMENTATION_STATUS_CODE: -2
INSTRUMENTATION_RESULT: stream=

Time: 0.111
There was 1 failure:
1) test01ActivateDevice(org.rmj.g3appdriver.Knox.TestKnoxActivate)
java.lang.AssertionError
at org.junit.Assert.fail(Assert.java:87)
at org.junit.Assert.assertTrue(Assert.java:42)
at org.junit.Assert.assertNotNull(Assert.java:713)
at org.junit.Assert.assertNotNull(Assert.java:723)
at org.rmj.g3appdriver.Knox.TestKnoxActivate.test01ActivateDevice(TestKnoxActivate.java:40)

FAILURES!!!
Tests run: 1,  Failures: 1


INSTRUMENTATION_CODE: -1

